Compiled application.js  (10ms)  (pid 9641)
Compiled jquery.js  (3ms)  (pid 9641)
Compiled jquery_ujs.js  (0ms)  (pid 9641)
Compiled admin.js  (67ms)  (pid 9641)
Compiled contacts.js  (1ms)  (pid 9641)
Compiled editor.js  (1ms)  (pid 9641)
Compiled pages.js  (1ms)  (pid 9641)
Compiled profiles.js  (1ms)  (pid 9641)
Compiled sessions.js  (2ms)  (pid 9641)
Compiled subs.js  (1ms)  (pid 9641)
Compiled subscriptions.js  (23ms)  (pid 9641)
Compiled users.js  (1ms)  (pid 9641)
Compiled visitors.js  (2ms)  (pid 9641)
Compiled application.css  (532ms)  (pid 9641)
Compiled application.js  (12ms)  (pid 9630)
Compiled jquery.js  (8ms)  (pid 9630)
Compiled jquery_ujs.js  (1ms)  (pid 9630)
Compiled admin.js  (142ms)  (pid 9630)
Compiled contacts.js  (4ms)  (pid 9630)
Compiled editor.js  (0ms)  (pid 9630)
Compiled pages.js  (1ms)  (pid 9630)
Compiled profiles.js  (2ms)  (pid 9630)
Compiled sessions.js  (2ms)  (pid 9630)
Compiled subs.js  (4ms)  (pid 9630)
Compiled subscriptions.js  (16ms)  (pid 9630)
Compiled users.js  (0ms)  (pid 9630)
Compiled visitors.js  (1ms)  (pid 9630)
Compiled application.css  (687ms)  (pid 9630)
Compiled application.js  (11ms)  (pid 14757)
Compiled jquery.js  (5ms)  (pid 14757)
Compiled jquery_ujs.js  (2ms)  (pid 14757)
Compiled admin.js  (68ms)  (pid 14757)
Compiled contacts.js  (1ms)  (pid 14757)
Compiled editor.js  (1ms)  (pid 14757)
Compiled pages.js  (1ms)  (pid 14757)
Compiled profiles.js  (2ms)  (pid 14757)
Compiled sessions.js  (1ms)  (pid 14757)
Compiled subs.js  (1ms)  (pid 14757)
Compiled subscriptions.js  (14ms)  (pid 14757)
Compiled users.js  (1ms)  (pid 14757)
Compiled visitors.js  (1ms)  (pid 14757)
Compiled application.css  (433ms)  (pid 14757)
Compiled application.js  (10ms)  (pid 14746)
Compiled jquery.js  (3ms)  (pid 14746)
Compiled jquery_ujs.js  (1ms)  (pid 14746)
Compiled admin.js  (71ms)  (pid 14746)
Compiled contacts.js  (1ms)  (pid 14746)
Compiled editor.js  (0ms)  (pid 14746)
Compiled pages.js  (0ms)  (pid 14746)
Compiled profiles.js  (0ms)  (pid 14746)
Compiled sessions.js  (1ms)  (pid 14746)
Compiled subs.js  (0ms)  (pid 14746)
Compiled subscriptions.js  (12ms)  (pid 14746)
Compiled users.js  (0ms)  (pid 14746)
Compiled visitors.js  (0ms)  (pid 14746)
Compiled application.css  (434ms)  (pid 14746)
Compiled application.js  (9ms)  (pid 15346)
Compiled jquery.js  (5ms)  (pid 15346)
Compiled jquery_ujs.js  (0ms)  (pid 15346)
Compiled admin.js  (78ms)  (pid 15346)
Compiled contacts.js  (4ms)  (pid 15346)
Compiled editor.js  (1ms)  (pid 15346)
Compiled pages.js  (1ms)  (pid 15346)
Compiled profiles.js  (1ms)  (pid 15346)
Compiled sessions.js  (0ms)  (pid 15346)
Compiled subs.js  (0ms)  (pid 15346)
Compiled subscriptions.js  (14ms)  (pid 15346)
Compiled users.js  (0ms)  (pid 15346)
Compiled visitors.js  (1ms)  (pid 15346)
Compiled application.css  (404ms)  (pid 15346)
Compiled application.js  (6ms)  (pid 15334)
Compiled jquery.js  (5ms)  (pid 15334)
Compiled jquery_ujs.js  (0ms)  (pid 15334)
Compiled admin.js  (69ms)  (pid 15334)
Compiled contacts.js  (1ms)  (pid 15334)
Compiled editor.js  (0ms)  (pid 15334)
Compiled pages.js  (0ms)  (pid 15334)
Compiled profiles.js  (1ms)  (pid 15334)
Compiled sessions.js  (0ms)  (pid 15334)
Compiled subs.js  (0ms)  (pid 15334)
Compiled subscriptions.js  (14ms)  (pid 15334)
Compiled users.js  (2ms)  (pid 15334)
Compiled visitors.js  (1ms)  (pid 15334)
Compiled application.css  (447ms)  (pid 15334)
Compiled application.js  (9ms)  (pid 15625)
Compiled jquery.js  (3ms)  (pid 15625)
Compiled jquery_ujs.js  (0ms)  (pid 15625)
Compiled admin.js  (72ms)  (pid 15625)
Compiled contacts.js  (1ms)  (pid 15625)
Compiled editor.js  (0ms)  (pid 15625)
Compiled pages.js  (1ms)  (pid 15625)
Compiled profiles.js  (0ms)  (pid 15625)
Compiled sessions.js  (0ms)  (pid 15625)
Compiled subs.js  (0ms)  (pid 15625)
Compiled subscriptions.js  (14ms)  (pid 15625)
Compiled users.js  (0ms)  (pid 15625)
Compiled visitors.js  (1ms)  (pid 15625)
Compiled application.css  (397ms)  (pid 15625)
Compiled application.js  (5ms)  (pid 15614)
Compiled jquery.js  (2ms)  (pid 15614)
Compiled jquery_ujs.js  (0ms)  (pid 15614)
Compiled admin.js  (58ms)  (pid 15614)
Compiled contacts.js  (0ms)  (pid 15614)
Compiled editor.js  (0ms)  (pid 15614)
Compiled pages.js  (0ms)  (pid 15614)
Compiled profiles.js  (0ms)  (pid 15614)
Compiled sessions.js  (0ms)  (pid 15614)
Compiled subs.js  (0ms)  (pid 15614)
Compiled subscriptions.js  (10ms)  (pid 15614)
Compiled users.js  (0ms)  (pid 15614)
Compiled visitors.js  (0ms)  (pid 15614)
Compiled application.css  (428ms)  (pid 15614)
Compiled application.js  (5ms)  (pid 15946)
Compiled jquery.js  (3ms)  (pid 15946)
Compiled jquery_ujs.js  (0ms)  (pid 15946)
Compiled admin.js  (92ms)  (pid 15946)
Compiled contacts.js  (1ms)  (pid 15946)
Compiled editor.js  (3ms)  (pid 15946)
Compiled pages.js  (1ms)  (pid 15946)
Compiled profiles.js  (1ms)  (pid 15946)
Compiled sessions.js  (1ms)  (pid 15946)
Compiled subs.js  (1ms)  (pid 15946)
Compiled subscriptions.js  (13ms)  (pid 15946)
Compiled users.js  (1ms)  (pid 15946)
Compiled visitors.js  (1ms)  (pid 15946)
Compiled application.css  (406ms)  (pid 15946)
Compiled application.js  (6ms)  (pid 15933)
Compiled jquery.js  (6ms)  (pid 15933)
Compiled jquery_ujs.js  (1ms)  (pid 15933)
Compiled admin.js  (62ms)  (pid 15933)
Compiled contacts.js  (1ms)  (pid 15933)
Compiled editor.js  (0ms)  (pid 15933)
Compiled pages.js  (1ms)  (pid 15933)
Compiled profiles.js  (0ms)  (pid 15933)
Compiled sessions.js  (0ms)  (pid 15933)
Compiled subs.js  (0ms)  (pid 15933)
Compiled subscriptions.js  (11ms)  (pid 15933)
Compiled users.js  (0ms)  (pid 15933)
Compiled visitors.js  (0ms)  (pid 15933)
Compiled application.css  (423ms)  (pid 15933)
Compiled application.js  (5ms)  (pid 20866)
Compiled jquery.js  (2ms)  (pid 20866)
Compiled jquery_ujs.js  (0ms)  (pid 20866)
Compiled admin.js  (62ms)  (pid 20866)
Compiled contacts.js  (0ms)  (pid 20866)
Compiled editor.js  (0ms)  (pid 20866)
Compiled pages.js  (0ms)  (pid 20866)
Compiled profiles.js  (0ms)  (pid 20866)
Compiled sessions.js  (0ms)  (pid 20866)
Compiled subs.js  (0ms)  (pid 20866)
Compiled subscriptions.js  (11ms)  (pid 20866)
Compiled users.js  (0ms)  (pid 20866)
Compiled visitors.js  (0ms)  (pid 20866)
Compiled application.css  (418ms)  (pid 20866)
Compiled application.js  (5ms)  (pid 20855)
Compiled jquery.js  (3ms)  (pid 20855)
Compiled jquery_ujs.js  (0ms)  (pid 20855)
Compiled admin.js  (75ms)  (pid 20855)
Compiled contacts.js  (1ms)  (pid 20855)
Compiled editor.js  (0ms)  (pid 20855)
Compiled pages.js  (1ms)  (pid 20855)
Compiled profiles.js  (0ms)  (pid 20855)
Compiled sessions.js  (0ms)  (pid 20855)
Compiled subs.js  (0ms)  (pid 20855)
Compiled subscriptions.js  (12ms)  (pid 20855)
Compiled users.js  (0ms)  (pid 20855)
Compiled visitors.js  (0ms)  (pid 20855)
Compiled application.css  (436ms)  (pid 20855)
Compiled application.js  (5ms)  (pid 21471)
Compiled jquery.js  (2ms)  (pid 21471)
Compiled jquery_ujs.js  (0ms)  (pid 21471)
Compiled admin.js  (62ms)  (pid 21471)
Compiled contacts.js  (1ms)  (pid 21471)
Compiled editor.js  (0ms)  (pid 21471)
Compiled pages.js  (0ms)  (pid 21471)
Compiled profiles.js  (0ms)  (pid 21471)
Compiled sessions.js  (0ms)  (pid 21471)
Compiled subs.js  (0ms)  (pid 21471)
Compiled subscriptions.js  (12ms)  (pid 21471)
Compiled users.js  (0ms)  (pid 21471)
Compiled visitors.js  (0ms)  (pid 21471)
Compiled application.css  (409ms)  (pid 21471)
Compiled application.js  (4ms)  (pid 21460)
Compiled jquery.js  (2ms)  (pid 21460)
Compiled jquery_ujs.js  (0ms)  (pid 21460)
Compiled admin.js  (76ms)  (pid 21460)
Compiled contacts.js  (0ms)  (pid 21460)
Compiled editor.js  (0ms)  (pid 21460)
Compiled pages.js  (0ms)  (pid 21460)
Compiled profiles.js  (0ms)  (pid 21460)
Compiled sessions.js  (0ms)  (pid 21460)
Compiled subs.js  (0ms)  (pid 21460)
Compiled subscriptions.js  (11ms)  (pid 21460)
Compiled users.js  (0ms)  (pid 21460)
Compiled visitors.js  (0ms)  (pid 21460)
Compiled application.css  (432ms)  (pid 21460)
Compiled application.js  (6ms)  (pid 21736)
Compiled jquery.js  (2ms)  (pid 21736)
Compiled jquery_ujs.js  (0ms)  (pid 21736)
Compiled admin.js  (61ms)  (pid 21736)
Compiled contacts.js  (0ms)  (pid 21736)
Compiled editor.js  (0ms)  (pid 21736)
Compiled pages.js  (0ms)  (pid 21736)
Compiled profiles.js  (0ms)  (pid 21736)
Compiled sessions.js  (0ms)  (pid 21736)
Compiled subs.js  (0ms)  (pid 21736)
Compiled subscriptions.js  (12ms)  (pid 21736)
Compiled users.js  (0ms)  (pid 21736)
Compiled visitors.js  (0ms)  (pid 21736)
Compiled application.css  (423ms)  (pid 21736)
Compiled application.js  (5ms)  (pid 21724)
Compiled jquery.js  (2ms)  (pid 21724)
Compiled jquery_ujs.js  (0ms)  (pid 21724)
Compiled admin.js  (58ms)  (pid 21724)
Compiled contacts.js  (0ms)  (pid 21724)
Compiled editor.js  (0ms)  (pid 21724)
Compiled pages.js  (0ms)  (pid 21724)
Compiled profiles.js  (0ms)  (pid 21724)
Compiled sessions.js  (0ms)  (pid 21724)
Compiled subs.js  (0ms)  (pid 21724)
Compiled subscriptions.js  (11ms)  (pid 21724)
Compiled users.js  (0ms)  (pid 21724)
Compiled visitors.js  (0ms)  (pid 21724)
Compiled application.css  (436ms)  (pid 21724)
Compiled application.js  (13ms)  (pid 84362)
Compiled jquery.js  (6ms)  (pid 84362)
Compiled jquery_ujs.js  (0ms)  (pid 84362)
Compiled admin.js  (90ms)  (pid 84362)
Compiled contacts.js  (0ms)  (pid 84362)
Compiled editor.js  (0ms)  (pid 84362)
Compiled pages.js  (0ms)  (pid 84362)
Compiled profiles.js  (0ms)  (pid 84362)
Compiled sessions.js  (0ms)  (pid 84362)
Compiled subs.js  (0ms)  (pid 84362)
Compiled subscriptions.js  (15ms)  (pid 84362)
Compiled users.js  (0ms)  (pid 84362)
Compiled visitors.js  (0ms)  (pid 84362)
Compiled application.css  (508ms)  (pid 84362)
Compiled application.js  (5ms)  (pid 84351)
Compiled jquery.js  (3ms)  (pid 84351)
Compiled jquery_ujs.js  (0ms)  (pid 84351)
Compiled admin.js  (110ms)  (pid 84351)
Compiled contacts.js  (1ms)  (pid 84351)
Compiled editor.js  (0ms)  (pid 84351)
Compiled pages.js  (1ms)  (pid 84351)
Compiled profiles.js  (0ms)  (pid 84351)
Compiled sessions.js  (1ms)  (pid 84351)
Compiled subs.js  (0ms)  (pid 84351)
Compiled subscriptions.js  (12ms)  (pid 84351)
Compiled users.js  (0ms)  (pid 84351)
Compiled visitors.js  (0ms)  (pid 84351)
Compiled application.css  (430ms)  (pid 84351)
